
* Info: Detected 2 Lprof instances in hyperion: processes-per-node/ppn set accordingly.
If this is incorrect, rerun with an explicit value for this setting

* Info: Selecting the 'perf-low-ppn' engine for node hyperion

* Info: Process launched (host hyperion, process 46398)
* Info: Process launched (host hyperion, process 46399)=================== CONFIG ===================
iterations           = 16000
width                = 800
height               = 160
obstacle x coord     = 161.000000
obstacle y coord     = 83.000000
obstacle radius      = 17.000000
reynolds number      = 100.000000
inflow max velocity  = 0.100000
output filename      = results.raw
write interval       = 50
------------ Derived parameters --------------
kinetic viscosity    = 0.034000
relax parameter      = 1.661130
==============================================
[1mRank [33m0[0m: L = -1, R =  1, T = -1, B = -1 | CORNER: -1, -1, -1, -1 | POS:   0   0 (W = 402, H = 162)
[1mRank [33m1[0m: L =  0, R = -1, T = -1, B = -1 | CORNER: -1, -1, -1, -1 | POS: 400   0 (W = 402, H = 162)

[1mRank [33m0[0m: local average loop latency: [36m2.663966ms[0m
[1mRank [33m0[0m: local simulation latency:   [36m42.626253134s[0m

Global average loop latency:        2.663998ms
Global simulation latency:          42.626767208s

[1mRank [33m1[0m: local average loop latency: [36m2.664030ms[0m
[1mRank [33m1[0m: local simulation latency:   [36m42.627281283s[0m


* Info: Process finished (host hyperion, process 46399)
* Info: Process finished (host hyperion, process 46398)

Your experiment path is /home/gabrl/uni/m1/s2/top/project/v6-fine-tuning/maqao/tools/lprof_npsu_run_0

To display your profiling results:
#################################################################################################
#    LEVEL    |     REPORT     |                            COMMAND                             #
#################################################################################################
#  Functions  |  Cluster-wide  |  maqao lprof -df xp=/home/gabrl/uni/m1/s2/top/project/v6-fine  #
#  Functions  |  Per-node      |  maqao lprof -df -dn xp=/home/gabrl/uni/m1/s2/top/project/v6-  #
#  Functions  |  Per-process   |  maqao lprof -df -dp xp=/home/gabrl/uni/m1/s2/top/project/v6-  #
#  Functions  |  Per-thread    |  maqao lprof -df -dt xp=/home/gabrl/uni/m1/s2/top/project/v6-  #
#  Loops      |  Cluster-wide  |  maqao lprof -dl xp=/home/gabrl/uni/m1/s2/top/project/v6-fine  #
#  Loops      |  Per-node      |  maqao lprof -dl -dn xp=/home/gabrl/uni/m1/s2/top/project/v6-  #
#  Loops      |  Per-process   |  maqao lprof -dl -dp xp=/home/gabrl/uni/m1/s2/top/project/v6-  #
#  Loops      |  Per-thread    |  maqao lprof -dl -dt xp=/home/gabrl/uni/m1/s2/top/project/v6-  #
#################################################################################################

